TN:
SF:/home/charles/Projects/Me/PropertyPro-lite/server/server.js
FN:6,(anonymous_1)
FNF:1
FNH:1
FNDA:1,(anonymous_1)
DA:1,1
DA:2,1
DA:3,1
DA:4,1
DA:5,1
DA:6,1
DA:7,1
DA:11,1
DA:12,1
DA:13,1
DA:14,1
DA:15,1
LF:12
LH:12
BRDA:4,0,0,1
BRDA:4,0,1,1
BRF:2
BRH:2
end_of_record
TN:
SF:/home/charles/Projects/Me/PropertyPro-lite/server/controllers/user.js
FN:4,signUp
FN:11,(anonymous_2)
FN:26,(anonymous_4)
FNF:3
FNH:3
FNDA:2,signUp
FNDA:3,(anonymous_2)
FNDA:2,(anonymous_4)
DA:1,1
DA:2,1
DA:3,1
DA:4,1
DA:7,1
DA:8,0
DA:10,1
DA:11,3
DA:12,1
DA:13,0
DA:15,1
DA:16,1
DA:23,1
DA:24,1
DA:25,1
DA:26,2
DA:27,1
DA:28,0
DA:31,1
DA:32,1
DA:33,0
DA:37,1
DA:38,1
DA:39,1
DA:42,1
DA:44,0
DA:49,1
LF:27
LH:22
BRDA:7,0,0,0
BRDA:7,0,1,1
BRDA:7,1,0,1
BRDA:7,1,1,0
BRDA:7,1,2,0
BRDA:7,1,3,0
BRDA:7,1,4,0
BRDA:7,1,5,0
BRDA:12,2,0,0
BRDA:12,2,1,1
BRDA:27,3,0,0
BRDA:27,3,1,1
BRDA:32,4,0,0
BRDA:32,4,1,1
BRF:14
BRH:5
end_of_record
TN:
SF:/home/charles/Projects/Me/PropertyPro-lite/server/data/storage.js
FNF:0
FNH:0
DA:1,1
DA:2,1
DA:75,1
LF:3
LH:3
BRF:0
BRH:0
end_of_record
TN:
SF:/home/charles/Projects/Me/PropertyPro-lite/server/helpers/Feedback.js
FN:1,findError
FN:5,serverFeedback
FN:9,authFeedback
FN:13,userFeedback
FNF:4
FNH:1
FNDA:0,findError
FNDA:0,serverFeedback
FNDA:0,authFeedback
FNDA:1,userFeedback
DA:1,1
DA:5,1
DA:9,1
DA:13,2
LF:4
LH:4
BRDA:5,0,0,0
BRDA:5,0,1,0
BRDA:9,1,0,0
BRDA:9,1,1,0
BRF:4
BRH:0
end_of_record
TN:
SF:/home/charles/Projects/Me/PropertyPro-lite/server/helpers/auth.js
FN:4,hashPassword
FNF:1
FNH:1
FNDA:4,hashPassword
DA:1,1
DA:2,1
DA:4,1
DA:6,1
DA:10,1
DA:14,2
DA:18,2
DA:22,1
LF:8
LH:8
BRF:0
BRH:0
end_of_record
TN:
SF:/home/charles/Projects/Me/PropertyPro-lite/server/models/user.js
FN:5,User
FN:8,signUp
FN:29,AllUsers
FNF:3
FNH:3
FNDA:1,User
FNDA:1,signUp
FNDA:2,AllUsers
DA:1,1
DA:2,1
DA:3,1
DA:5,1
DA:6,1
DA:9,1
DA:10,1
DA:12,1
DA:14,1
DA:26,1
DA:27,1
DA:30,2
DA:34,1
LF:13
LH:13
BRF:0
BRH:0
end_of_record
TN:
SF:/home/charles/Projects/Me/PropertyPro-lite/server/test/server.spec.js
FN:8,(anonymous_1)
FN:9,(anonymous_2)
FN:12,(anonymous_3)
FN:18,(anonymous_4)
FN:29,(anonymous_5)
FN:44,(anonymous_6)
FN:51,(anonymous_7)
FNF:7
FNH:7
FNDA:1,(anonymous_1)
FNDA:1,(anonymous_2)
FNDA:1,(anonymous_3)
FNDA:1,(anonymous_4)
FNDA:1,(anonymous_5)
FNDA:1,(anonymous_6)
FNDA:1,(anonymous_7)
DA:1,1
DA:2,1
DA:3,1
DA:5,1
DA:6,1
DA:8,1
DA:9,1
DA:10,1
DA:13,1
DA:14,1
DA:15,1
DA:18,1
DA:19,1
DA:30,1
DA:31,1
DA:32,1
DA:33,1
DA:34,1
DA:35,1
DA:36,1
DA:37,1
DA:38,1
DA:39,1
DA:40,1
DA:41,1
DA:44,1
DA:45,1
DA:52,1
DA:53,1
DA:54,1
DA:55,1
DA:56,1
DA:57,1
DA:58,1
DA:59,1
DA:60,1
DA:61,1
DA:62,1
DA:63,1
DA:65,1
LF:40
LH:40
BRDA:13,0,0,0
BRDA:13,0,1,1
BRDA:30,1,0,0
BRDA:30,1,1,1
BRDA:52,2,0,0
BRDA:52,2,1,1
BRF:6
BRH:3
end_of_record
